<?xml version="1.0" encoding="UTF-8"?>
<!-- Generated by org.testng.reporters.JUnitReportReporter -->
<testsuite hostname="Muthukumar" failures="0" tests="1" name="com.runner.TestRunner" time="12.781" errors="0" timestamp="10 Feb 2023 10:12:12 GMT" skipped="0">
  <testcase classname="com.runner.TestRunner" name="chromeTest" time="12.781"/>
</testsuite> <!-- com.runner.TestRunner -->
